{"C:\\Users\\Admin\\Desktop\\project_tastyspace\\frontend\\src\\config.ts": {"path":"C:\\Users\\Admin\\Desktop\\project_tastyspace\\frontend\\src\\config.ts","all":false,"statementMap":{"0":{"start":{"line":1,"column":0},"end":{"line":1,"column":70}}},"s":{"0":1},"branchMap":{},"b":{},"fnMap":{},"f":{}}
,"C:\\Users\\Admin\\Desktop\\project_tastyspace\\frontend\\src\\components\\addrecipe\\AddRecipeForm.tsx": {"path":"C:\\Users\\Admin\\Desktop\\project_tastyspace\\frontend\\src\\components\\addrecipe\\AddRecipeForm.tsx","all":false,"statementMap":{"0":{"start":{"line":1,"column":0},"end":{"line":1,"column":48}},"1":{"start":{"line":2,"column":0},"end":{"line":2,"column":40}},"2":{"start":{"line":3,"column":0},"end":{"line":3,"column":29}},"3":{"start":{"line":4,"column":0},"end":{"line":4,"column":43}},"4":{"start":{"line":5,"column":0},"end":{"line":5,"column":0}},"5":{"start":{"line":6,"column":0},"end":{"line":6,"column":19}},"6":{"start":{"line":7,"column":0},"end":{"line":7,"column":17}},"7":{"start":{"line":8,"column":0},"end":{"line":8,"column":19}},"8":{"start":{"line":9,"column":0},"end":{"line":9,"column":24}},"9":{"start":{"line":10,"column":0},"end":{"line":10,"column":2}},"10":{"start":{"line":11,"column":0},"end":{"line":11,"column":0}},"11":{"start":{"line":12,"column":0},"end":{"line":12,"column":13}},"12":{"start":{"line":13,"column":0},"end":{"line":13,"column":24}},"13":{"start":{"line":14,"column":0},"end":{"line":14,"column":2}},"14":{"start":{"line":15,"column":0},"end":{"line":15,"column":0}},"15":{"start":{"line":16,"column":0},"end":{"line":16,"column":26}},"16":{"start":{"line":17,"column":0},"end":{"line":17,"column":18}},"17":{"start":{"line":18,"column":0},"end":{"line":18,"column":24}},"18":{"start":{"line":19,"column":0},"end":{"line":19,"column":30}},"19":{"start":{"line":20,"column":0},"end":{"line":20,"column":25}},"20":{"start":{"line":21,"column":0},"end":{"line":21,"column":2}},"21":{"start":{"line":22,"column":0},"end":{"line":22,"column":0}},"22":{"start":{"line":23,"column":0},"end":{"line":23,"column":27}},"23":{"start":{"line":24,"column":0},"end":{"line":24,"column":50}},"24":{"start":{"line":25,"column":0},"end":{"line":25,"column":2}},"25":{"start":{"line":26,"column":0},"end":{"line":26,"column":0}},"26":{"start":{"line":27,"column":0},"end":{"line":27,"column":36}},"27":{"start":{"line":28,"column":0},"end":{"line":28,"column":76}},"28":{"start":{"line":29,"column":0},"end":{"line":29,"column":52}},"29":{"start":{"line":30,"column":0},"end":{"line":30,"column":61}},"30":{"start":{"line":31,"column":0},"end":{"line":31,"column":56}},"31":{"start":{"line":32,"column":0},"end":{"line":32,"column":56}},"32":{"start":{"line":33,"column":0},"end":{"line":33,"column":110}},"33":{"start":{"line":34,"column":0},"end":{"line":34,"column":84}},"34":{"start":{"line":35,"column":0},"end":{"line":35,"column":53}},"35":{"start":{"line":36,"column":0},"end":{"line":36,"column":63}},"36":{"start":{"line":37,"column":0},"end":{"line":37,"column":65}},"37":{"start":{"line":38,"column":0},"end":{"line":38,"column":65}},"38":{"start":{"line":39,"column":0},"end":{"line":39,"column":54}},"39":{"start":{"line":40,"column":0},"end":{"line":40,"column":0}},"40":{"start":{"line":41,"column":0},"end":{"line":41,"column":78}},"41":{"start":{"line":42,"column":0},"end":{"line":42,"column":58}},"42":{"start":{"line":43,"column":0},"end":{"line":43,"column":43}},"43":{"start":{"line":44,"column":0},"end":{"line":44,"column":9}},"44":{"start":{"line":45,"column":0},"end":{"line":45,"column":6}},"45":{"start":{"line":46,"column":0},"end":{"line":46,"column":0}},"46":{"start":{"line":47,"column":0},"end":{"line":47,"column":39}},"47":{"start":{"line":48,"column":0},"end":{"line":48,"column":84}},"48":{"start":{"line":49,"column":0},"end":{"line":49,"column":45}},"49":{"start":{"line":50,"column":0},"end":{"line":50,"column":6}},"50":{"start":{"line":51,"column":0},"end":{"line":51,"column":0}},"51":{"start":{"line":52,"column":0},"end":{"line":52,"column":95}},"52":{"start":{"line":53,"column":0},"end":{"line":53,"column":48}},"53":{"start":{"line":54,"column":0},"end":{"line":54,"column":45}},"54":{"start":{"line":55,"column":0},"end":{"line":55,"column":39}},"55":{"start":{"line":56,"column":0},"end":{"line":56,"column":0}},"56":{"start":{"line":57,"column":0},"end":{"line":57,"column":33}},"57":{"start":{"line":58,"column":0},"end":{"line":58,"column":45}},"58":{"start":{"line":59,"column":0},"end":{"line":59,"column":9}},"59":{"start":{"line":60,"column":0},"end":{"line":60,"column":38}},"60":{"start":{"line":61,"column":0},"end":{"line":61,"column":6}},"61":{"start":{"line":62,"column":0},"end":{"line":62,"column":0}},"62":{"start":{"line":63,"column":0},"end":{"line":63,"column":66}},"63":{"start":{"line":64,"column":0},"end":{"line":64,"column":48}},"64":{"start":{"line":65,"column":0},"end":{"line":65,"column":35}},"65":{"start":{"line":66,"column":0},"end":{"line":66,"column":66}},"66":{"start":{"line":67,"column":0},"end":{"line":67,"column":16}},"67":{"start":{"line":68,"column":0},"end":{"line":68,"column":39}},"68":{"start":{"line":69,"column":0},"end":{"line":69,"column":9}},"69":{"start":{"line":70,"column":0},"end":{"line":70,"column":39}},"70":{"start":{"line":71,"column":0},"end":{"line":71,"column":6}},"71":{"start":{"line":72,"column":0},"end":{"line":72,"column":0}},"72":{"start":{"line":73,"column":0},"end":{"line":73,"column":33}},"73":{"start":{"line":74,"column":0},"end":{"line":74,"column":64}},"74":{"start":{"line":75,"column":0},"end":{"line":75,"column":6}},"75":{"start":{"line":76,"column":0},"end":{"line":76,"column":0}},"76":{"start":{"line":77,"column":0},"end":{"line":77,"column":64}},"77":{"start":{"line":78,"column":0},"end":{"line":78,"column":50}},"78":{"start":{"line":79,"column":0},"end":{"line":79,"column":51}},"79":{"start":{"line":80,"column":0},"end":{"line":80,"column":41}},"80":{"start":{"line":81,"column":0},"end":{"line":81,"column":39}},"81":{"start":{"line":82,"column":0},"end":{"line":82,"column":6}},"82":{"start":{"line":83,"column":0},"end":{"line":83,"column":0}},"83":{"start":{"line":84,"column":0},"end":{"line":84,"column":79}},"84":{"start":{"line":85,"column":0},"end":{"line":85,"column":75}},"85":{"start":{"line":86,"column":0},"end":{"line":86,"column":27}},"86":{"start":{"line":87,"column":0},"end":{"line":87,"column":22}},"87":{"start":{"line":88,"column":0},"end":{"line":88,"column":51}},"88":{"start":{"line":89,"column":0},"end":{"line":89,"column":81}},"89":{"start":{"line":90,"column":0},"end":{"line":90,"column":14}},"90":{"start":{"line":91,"column":0},"end":{"line":91,"column":43}},"91":{"start":{"line":92,"column":0},"end":{"line":92,"column":11}},"92":{"start":{"line":93,"column":0},"end":{"line":93,"column":43}},"93":{"start":{"line":94,"column":0},"end":{"line":94,"column":27}},"94":{"start":{"line":95,"column":0},"end":{"line":95,"column":6}},"95":{"start":{"line":96,"column":0},"end":{"line":96,"column":0}},"96":{"start":{"line":97,"column":0},"end":{"line":97,"column":41}},"97":{"start":{"line":98,"column":0},"end":{"line":98,"column":52}},"98":{"start":{"line":99,"column":0},"end":{"line":99,"column":28}},"99":{"start":{"line":100,"column":0},"end":{"line":100,"column":59}},"100":{"start":{"line":101,"column":0},"end":{"line":101,"column":19}},"101":{"start":{"line":102,"column":0},"end":{"line":102,"column":9}},"102":{"start":{"line":103,"column":0},"end":{"line":103,"column":0}},"103":{"start":{"line":104,"column":0},"end":{"line":104,"column":64}},"104":{"start":{"line":105,"column":0},"end":{"line":105,"column":26}},"105":{"start":{"line":106,"column":0},"end":{"line":106,"column":69}},"106":{"start":{"line":107,"column":0},"end":{"line":107,"column":16}},"107":{"start":{"line":108,"column":0},"end":{"line":108,"column":30}},"108":{"start":{"line":109,"column":0},"end":{"line":109,"column":9}},"109":{"start":{"line":110,"column":0},"end":{"line":110,"column":6}},"110":{"start":{"line":111,"column":0},"end":{"line":111,"column":0}},"111":{"start":{"line":112,"column":0},"end":{"line":112,"column":37}},"112":{"start":{"line":113,"column":0},"end":{"line":113,"column":26}},"113":{"start":{"line":114,"column":0},"end":{"line":114,"column":6}},"114":{"start":{"line":115,"column":0},"end":{"line":115,"column":0}},"115":{"start":{"line":116,"column":0},"end":{"line":116,"column":47}},"116":{"start":{"line":117,"column":0},"end":{"line":117,"column":111}},"117":{"start":{"line":118,"column":0},"end":{"line":118,"column":35}},"118":{"start":{"line":119,"column":0},"end":{"line":119,"column":9}},"119":{"start":{"line":120,"column":0},"end":{"line":120,"column":6}},"120":{"start":{"line":121,"column":0},"end":{"line":121,"column":0}},"121":{"start":{"line":122,"column":0},"end":{"line":122,"column":48}},"122":{"start":{"line":123,"column":0},"end":{"line":123,"column":72}},"123":{"start":{"line":124,"column":0},"end":{"line":124,"column":36}},"124":{"start":{"line":125,"column":0},"end":{"line":125,"column":9}},"125":{"start":{"line":126,"column":0},"end":{"line":126,"column":6}},"126":{"start":{"line":127,"column":0},"end":{"line":127,"column":0}},"127":{"start":{"line":128,"column":0},"end":{"line":128,"column":55}},"128":{"start":{"line":129,"column":0},"end":{"line":129,"column":0}},"129":{"start":{"line":130,"column":0},"end":{"line":130,"column":77}},"130":{"start":{"line":131,"column":0},"end":{"line":131,"column":31}},"131":{"start":{"line":132,"column":0},"end":{"line":132,"column":0}},"132":{"start":{"line":133,"column":0},"end":{"line":133,"column":46}},"133":{"start":{"line":134,"column":0},"end":{"line":134,"column":58}},"134":{"start":{"line":135,"column":0},"end":{"line":135,"column":0}},"135":{"start":{"line":136,"column":0},"end":{"line":136,"column":29}},"136":{"start":{"line":137,"column":0},"end":{"line":137,"column":0}},"137":{"start":{"line":138,"column":0},"end":{"line":138,"column":21}},"138":{"start":{"line":139,"column":0},"end":{"line":139,"column":59}},"139":{"start":{"line":140,"column":0},"end":{"line":140,"column":28}},"140":{"start":{"line":141,"column":0},"end":{"line":141,"column":16}},"141":{"start":{"line":142,"column":0},"end":{"line":142,"column":68}},"142":{"start":{"line":143,"column":0},"end":{"line":143,"column":30}},"143":{"start":{"line":144,"column":0},"end":{"line":144,"column":73}},"144":{"start":{"line":145,"column":0},"end":{"line":145,"column":32}},"145":{"start":{"line":146,"column":0},"end":{"line":146,"column":13}},"146":{"start":{"line":147,"column":0},"end":{"line":147,"column":9}},"147":{"start":{"line":148,"column":0},"end":{"line":148,"column":0}},"148":{"start":{"line":149,"column":0},"end":{"line":149,"column":132}},"149":{"start":{"line":150,"column":0},"end":{"line":150,"column":34}},"150":{"start":{"line":151,"column":0},"end":{"line":151,"column":76}},"151":{"start":{"line":152,"column":0},"end":{"line":152,"column":28}},"152":{"start":{"line":153,"column":0},"end":{"line":153,"column":16}},"153":{"start":{"line":154,"column":0},"end":{"line":154,"column":35}},"154":{"start":{"line":155,"column":0},"end":{"line":155,"column":9}},"155":{"start":{"line":156,"column":0},"end":{"line":156,"column":0}},"156":{"start":{"line":157,"column":0},"end":{"line":157,"column":87}},"157":{"start":{"line":158,"column":0},"end":{"line":158,"column":28}},"158":{"start":{"line":159,"column":0},"end":{"line":159,"column":76}},"159":{"start":{"line":160,"column":0},"end":{"line":160,"column":28}},"160":{"start":{"line":161,"column":0},"end":{"line":161,"column":16}},"161":{"start":{"line":162,"column":0},"end":{"line":162,"column":36}},"162":{"start":{"line":163,"column":0},"end":{"line":163,"column":9}},"163":{"start":{"line":164,"column":0},"end":{"line":164,"column":0}},"164":{"start":{"line":165,"column":0},"end":{"line":165,"column":71}},"165":{"start":{"line":166,"column":0},"end":{"line":166,"column":29}},"166":{"start":{"line":167,"column":0},"end":{"line":167,"column":28}},"167":{"start":{"line":168,"column":0},"end":{"line":168,"column":9}},"168":{"start":{"line":169,"column":0},"end":{"line":169,"column":0}},"169":{"start":{"line":170,"column":0},"end":{"line":170,"column":23}},"170":{"start":{"line":171,"column":0},"end":{"line":171,"column":19}},"171":{"start":{"line":172,"column":0},"end":{"line":172,"column":9}},"172":{"start":{"line":173,"column":0},"end":{"line":173,"column":0}},"173":{"start":{"line":174,"column":0},"end":{"line":174,"column":135}},"174":{"start":{"line":175,"column":0},"end":{"line":175,"column":90}},"175":{"start":{"line":176,"column":0},"end":{"line":176,"column":0}},"176":{"start":{"line":177,"column":0},"end":{"line":177,"column":40}},"177":{"start":{"line":178,"column":0},"end":{"line":178,"column":40}},"178":{"start":{"line":179,"column":0},"end":{"line":179,"column":52}},"179":{"start":{"line":180,"column":0},"end":{"line":180,"column":0}},"180":{"start":{"line":181,"column":0},"end":{"line":181,"column":60}},"181":{"start":{"line":182,"column":0},"end":{"line":182,"column":76}},"182":{"start":{"line":183,"column":0},"end":{"line":183,"column":80}},"183":{"start":{"line":184,"column":0},"end":{"line":184,"column":90}},"184":{"start":{"line":185,"column":0},"end":{"line":185,"column":78}},"185":{"start":{"line":186,"column":0},"end":{"line":186,"column":11}},"186":{"start":{"line":187,"column":0},"end":{"line":187,"column":0}},"187":{"start":{"line":188,"column":0},"end":{"line":188,"column":48}},"188":{"start":{"line":189,"column":0},"end":{"line":189,"column":85}},"189":{"start":{"line":190,"column":0},"end":{"line":190,"column":11}},"190":{"start":{"line":191,"column":0},"end":{"line":191,"column":0}},"191":{"start":{"line":192,"column":0},"end":{"line":192,"column":19}},"192":{"start":{"line":193,"column":0},"end":{"line":193,"column":43}},"193":{"start":{"line":194,"column":0},"end":{"line":194,"column":9}},"194":{"start":{"line":195,"column":0},"end":{"line":195,"column":0}},"195":{"start":{"line":196,"column":0},"end":{"line":196,"column":43}},"196":{"start":{"line":197,"column":0},"end":{"line":197,"column":27}},"197":{"start":{"line":198,"column":0},"end":{"line":198,"column":22}},"198":{"start":{"line":199,"column":0},"end":{"line":199,"column":81}},"199":{"start":{"line":200,"column":0},"end":{"line":200,"column":14}},"200":{"start":{"line":201,"column":0},"end":{"line":201,"column":26}},"201":{"start":{"line":202,"column":0},"end":{"line":202,"column":10}},"202":{"start":{"line":203,"column":0},"end":{"line":203,"column":46}},"203":{"start":{"line":204,"column":0},"end":{"line":204,"column":27}},"204":{"start":{"line":205,"column":0},"end":{"line":205,"column":46}},"205":{"start":{"line":206,"column":0},"end":{"line":206,"column":34}},"206":{"start":{"line":207,"column":0},"end":{"line":207,"column":44}},"207":{"start":{"line":208,"column":0},"end":{"line":208,"column":50}},"208":{"start":{"line":209,"column":0},"end":{"line":209,"column":76}},"209":{"start":{"line":210,"column":0},"end":{"line":210,"column":55}},"210":{"start":{"line":211,"column":0},"end":{"line":211,"column":30}},"211":{"start":{"line":212,"column":0},"end":{"line":212,"column":43}},"212":{"start":{"line":213,"column":0},"end":{"line":213,"column":52}},"213":{"start":{"line":214,"column":0},"end":{"line":214,"column":17}},"214":{"start":{"line":215,"column":0},"end":{"line":215,"column":36}},"215":{"start":{"line":216,"column":0},"end":{"line":216,"column":14}},"216":{"start":{"line":217,"column":0},"end":{"line":217,"column":31}},"217":{"start":{"line":218,"column":0},"end":{"line":218,"column":47}},"218":{"start":{"line":219,"column":0},"end":{"line":219,"column":15}},"219":{"start":{"line":220,"column":0},"end":{"line":220,"column":6}},"220":{"start":{"line":221,"column":0},"end":{"line":221,"column":0}},"221":{"start":{"line":222,"column":0},"end":{"line":222,"column":12}},"222":{"start":{"line":223,"column":0},"end":{"line":223,"column":13}},"223":{"start":{"line":224,"column":0},"end":{"line":224,"column":37}},"224":{"start":{"line":225,"column":0},"end":{"line":225,"column":65}},"225":{"start":{"line":226,"column":0},"end":{"line":226,"column":38}},"226":{"start":{"line":227,"column":0},"end":{"line":227,"column":80}},"227":{"start":{"line":228,"column":0},"end":{"line":228,"column":26}},"228":{"start":{"line":229,"column":0},"end":{"line":229,"column":35}},"229":{"start":{"line":230,"column":0},"end":{"line":230,"column":38}},"230":{"start":{"line":231,"column":0},"end":{"line":231,"column":48}},"231":{"start":{"line":232,"column":0},"end":{"line":232,"column":34}},"232":{"start":{"line":233,"column":0},"end":{"line":233,"column":48}},"233":{"start":{"line":234,"column":0},"end":{"line":234,"column":52}},"234":{"start":{"line":235,"column":0},"end":{"line":235,"column":22}},"235":{"start":{"line":236,"column":0},"end":{"line":236,"column":92}},"236":{"start":{"line":237,"column":0},"end":{"line":237,"column":22}},"237":{"start":{"line":238,"column":0},"end":{"line":238,"column":38}},"238":{"start":{"line":239,"column":0},"end":{"line":239,"column":92}},"239":{"start":{"line":240,"column":0},"end":{"line":240,"column":95}},"240":{"start":{"line":241,"column":0},"end":{"line":241,"column":22}},"241":{"start":{"line":242,"column":0},"end":{"line":242,"column":38}},"242":{"start":{"line":243,"column":0},"end":{"line":243,"column":80}},"243":{"start":{"line":244,"column":0},"end":{"line":244,"column":124}},"244":{"start":{"line":245,"column":0},"end":{"line":245,"column":22}},"245":{"start":{"line":246,"column":0},"end":{"line":246,"column":57}},"246":{"start":{"line":247,"column":0},"end":{"line":247,"column":54}},"247":{"start":{"line":248,"column":0},"end":{"line":248,"column":67}},"248":{"start":{"line":249,"column":0},"end":{"line":249,"column":34}},"249":{"start":{"line":250,"column":0},"end":{"line":250,"column":43}},"250":{"start":{"line":251,"column":0},"end":{"line":251,"column":55}},"251":{"start":{"line":252,"column":0},"end":{"line":252,"column":103}},"252":{"start":{"line":253,"column":0},"end":{"line":253,"column":56}},"253":{"start":{"line":254,"column":0},"end":{"line":254,"column":61}},"254":{"start":{"line":255,"column":0},"end":{"line":255,"column":30}},"255":{"start":{"line":256,"column":0},"end":{"line":256,"column":35}},"256":{"start":{"line":257,"column":0},"end":{"line":257,"column":43}},"257":{"start":{"line":258,"column":0},"end":{"line":258,"column":57}},"258":{"start":{"line":259,"column":0},"end":{"line":259,"column":105}},"259":{"start":{"line":260,"column":0},"end":{"line":260,"column":61}},"260":{"start":{"line":261,"column":0},"end":{"line":261,"column":52}},"261":{"start":{"line":262,"column":0},"end":{"line":262,"column":58}},"262":{"start":{"line":263,"column":0},"end":{"line":263,"column":30}},"263":{"start":{"line":264,"column":0},"end":{"line":264,"column":35}},"264":{"start":{"line":265,"column":0},"end":{"line":265,"column":62}},"265":{"start":{"line":266,"column":0},"end":{"line":266,"column":110}},"266":{"start":{"line":267,"column":0},"end":{"line":267,"column":61}},"267":{"start":{"line":268,"column":0},"end":{"line":268,"column":58}},"268":{"start":{"line":269,"column":0},"end":{"line":269,"column":29}},"269":{"start":{"line":270,"column":0},"end":{"line":270,"column":59}},"270":{"start":{"line":271,"column":0},"end":{"line":271,"column":64}},"271":{"start":{"line":272,"column":0},"end":{"line":272,"column":66}},"272":{"start":{"line":273,"column":0},"end":{"line":273,"column":64}},"273":{"start":{"line":274,"column":0},"end":{"line":274,"column":62}},"274":{"start":{"line":275,"column":0},"end":{"line":275,"column":60}},"275":{"start":{"line":276,"column":0},"end":{"line":276,"column":60}},"276":{"start":{"line":277,"column":0},"end":{"line":277,"column":62}},"277":{"start":{"line":278,"column":0},"end":{"line":278,"column":37}},"278":{"start":{"line":279,"column":0},"end":{"line":279,"column":66}},"279":{"start":{"line":280,"column":0},"end":{"line":280,"column":131}},"280":{"start":{"line":281,"column":0},"end":{"line":281,"column":30}},"281":{"start":{"line":282,"column":0},"end":{"line":282,"column":30}},"282":{"start":{"line":283,"column":0},"end":{"line":283,"column":112}},"283":{"start":{"line":284,"column":0},"end":{"line":284,"column":26}},"284":{"start":{"line":285,"column":0},"end":{"line":285,"column":19}},"285":{"start":{"line":286,"column":0},"end":{"line":286,"column":98}},"286":{"start":{"line":287,"column":0},"end":{"line":287,"column":52}},"287":{"start":{"line":288,"column":0},"end":{"line":288,"column":54}},"288":{"start":{"line":289,"column":0},"end":{"line":289,"column":109}},"289":{"start":{"line":290,"column":0},"end":{"line":290,"column":33}},"290":{"start":{"line":291,"column":0},"end":{"line":291,"column":48}},"291":{"start":{"line":292,"column":0},"end":{"line":292,"column":52}},"292":{"start":{"line":293,"column":0},"end":{"line":293,"column":52}},"293":{"start":{"line":294,"column":0},"end":{"line":294,"column":85}},"294":{"start":{"line":295,"column":0},"end":{"line":295,"column":26}},"295":{"start":{"line":296,"column":0},"end":{"line":296,"column":26}},"296":{"start":{"line":297,"column":0},"end":{"line":297,"column":19}},"297":{"start":{"line":298,"column":0},"end":{"line":298,"column":100}},"298":{"start":{"line":299,"column":0},"end":{"line":299,"column":38}},"299":{"start":{"line":300,"column":0},"end":{"line":300,"column":118}},"300":{"start":{"line":301,"column":0},"end":{"line":301,"column":22}},"301":{"start":{"line":302,"column":0},"end":{"line":302,"column":95}},"302":{"start":{"line":303,"column":0},"end":{"line":303,"column":19}},"303":{"start":{"line":304,"column":0},"end":{"line":304,"column":71}},"304":{"start":{"line":305,"column":0},"end":{"line":305,"column":52}},"305":{"start":{"line":306,"column":0},"end":{"line":306,"column":165}},"306":{"start":{"line":307,"column":0},"end":{"line":307,"column":101}},"307":{"start":{"line":308,"column":0},"end":{"line":308,"column":29}},"308":{"start":{"line":309,"column":0},"end":{"line":309,"column":20}},"309":{"start":{"line":310,"column":0},"end":{"line":310,"column":14}},"310":{"start":{"line":311,"column":0},"end":{"line":311,"column":6}},"311":{"start":{"line":312,"column":0},"end":{"line":312,"column":1}}},"s":{"0":1,"1":1,"2":1,"3":1,"4":1,"5":1,"6":1,"7":1,"8":1,"9":1,"10":1,"11":1,"12":1,"13":1,"14":1,"15":1,"16":1,"17":1,"18":1,"19":1,"20":1,"21":1,"22":1,"23":1,"24":1,"25":1,"26":1,"27":1,"28":45,"29":45,"30":45,"31":45,"32":45,"33":45,"34":45,"35":45,"36":45,"37":45,"38":45,"39":45,"40":45,"41":0,"42":0,"43":0,"44":0,"45":45,"46":45,"47":0,"48":0,"49":0,"50":45,"51":45,"52":14,"53":14,"54":14,"55":14,"56":14,"57":8,"58":8,"59":14,"60":14,"61":45,"62":45,"63":8,"64":8,"65":7,"66":8,"67":1,"68":1,"69":8,"70":8,"71":45,"72":45,"73":0,"74":0,"75":45,"76":45,"77":19,"78":19,"79":19,"80":19,"81":19,"82":45,"83":45,"84":3,"85":3,"86":3,"87":3,"88":3,"89":3,"90":3,"91":3,"92":3,"93":3,"94":3,"95":45,"96":45,"97":2,"98":2,"99":0,"100":0,"101":0,"102":2,"103":2,"104":2,"105":1,"106":1,"107":1,"108":1,"109":2,"110":45,"111":45,"112":25,"113":25,"114":45,"115":45,"116":14,"117":2,"118":2,"119":14,"120":45,"121":45,"122":19,"123":19,"124":19,"125":19,"126":45,"127":45,"128":45,"129":45,"130":4,"131":4,"132":4,"133":4,"134":4,"135":4,"136":4,"137":4,"138":3,"139":3,"140":4,"141":1,"142":1,"143":0,"144":0,"145":0,"146":1,"147":4,"148":4,"149":4,"150":3,"151":3,"152":4,"153":1,"154":1,"155":4,"156":4,"157":4,"158":3,"159":3,"160":4,"161":1,"162":1,"163":4,"164":4,"165":4,"166":1,"167":1,"168":4,"169":4,"170":3,"171":3,"172":1,"173":1,"174":1,"175":1,"176":1,"177":1,"178":1,"179":1,"180":1,"181":1,"182":1,"183":1,"184":1,"185":1,"186":1,"187":1,"188":1,"189":1,"190":1,"191":4,"192":0,"193":0,"194":1,"195":1,"196":1,"197":1,"198":1,"199":1,"200":1,"201":1,"202":1,"203":1,"204":1,"205":1,"206":1,"207":1,"208":1,"209":1,"210":1,"211":1,"212":1,"213":1,"214":1,"215":1,"216":1,"217":0,"218":0,"219":1,"220":45,"221":45,"222":45,"223":45,"224":45,"225":45,"226":45,"227":45,"228":45,"229":45,"230":45,"231":45,"232":45,"233":45,"234":45,"235":45,"236":45,"237":45,"238":45,"239":45,"240":45,"241":45,"242":45,"243":45,"244":45,"245":45,"246":45,"247":45,"248":45,"249":45,"250":45,"251":45,"252":45,"253":45,"254":45,"255":45,"256":45,"257":45,"258":45,"259":45,"260":45,"261":45,"262":45,"263":45,"264":45,"265":45,"266":45,"267":45,"268":45,"269":45,"270":45,"271":45,"272":45,"273":45,"274":45,"275":45,"276":45,"277":45,"278":45,"279":45,"280":45,"281":45,"282":45,"283":45,"284":45,"285":45,"286":45,"287":45,"288":45,"289":45,"290":45,"291":45,"292":45,"293":45,"294":45,"295":45,"296":45,"297":45,"298":45,"299":45,"300":45,"301":45,"302":45,"303":45,"304":45,"305":45,"306":45,"307":45,"308":45,"309":45,"310":45,"311":45},"branchMap":{"0":{"type":"branch","line":28,"loc":{"start":{"line":28,"column":15},"end":{"line":312,"column":1}},"locations":[{"start":{"line":28,"column":15},"end":{"line":312,"column":1}}]},"1":{"type":"branch","line":52,"loc":{"start":{"line":52,"column":35},"end":{"line":61,"column":6}},"locations":[{"start":{"line":52,"column":35},"end":{"line":61,"column":6}}]},"2":{"type":"branch","line":57,"loc":{"start":{"line":57,"column":32},"end":{"line":59,"column":9}},"locations":[{"start":{"line":57,"column":32},"end":{"line":59,"column":9}}]},"3":{"type":"branch","line":63,"loc":{"start":{"line":63,"column":31},"end":{"line":71,"column":6}},"locations":[{"start":{"line":63,"column":31},"end":{"line":71,"column":6}}]},"4":{"type":"branch","line":65,"loc":{"start":{"line":65,"column":34},"end":{"line":67,"column":15}},"locations":[{"start":{"line":65,"column":34},"end":{"line":67,"column":15}}]},"5":{"type":"branch","line":67,"loc":{"start":{"line":67,"column":8},"end":{"line":69,"column":9}},"locations":[{"start":{"line":67,"column":8},"end":{"line":69,"column":9}}]},"6":{"type":"branch","line":77,"loc":{"start":{"line":77,"column":29},"end":{"line":82,"column":6}},"locations":[{"start":{"line":77,"column":29},"end":{"line":82,"column":6}}]},"7":{"type":"branch","line":84,"loc":{"start":{"line":84,"column":35},"end":{"line":95,"column":6}},"locations":[{"start":{"line":84,"column":35},"end":{"line":95,"column":6}}]},"8":{"type":"branch","line":97,"loc":{"start":{"line":97,"column":28},"end":{"line":110,"column":6}},"locations":[{"start":{"line":97,"column":28},"end":{"line":110,"column":6}}]},"9":{"type":"branch","line":98,"loc":{"start":{"line":98,"column":40},"end":{"line":98,"column":52}},"locations":[{"start":{"line":98,"column":40},"end":{"line":98,"column":52}}]},"10":{"type":"branch","line":99,"loc":{"start":{"line":99,"column":27},"end":{"line":102,"column":9}},"locations":[{"start":{"line":99,"column":27},"end":{"line":102,"column":9}}]},"11":{"type":"branch","line":105,"loc":{"start":{"line":105,"column":25},"end":{"line":109,"column":9}},"locations":[{"start":{"line":105,"column":25},"end":{"line":109,"column":9}}]},"12":{"type":"branch","line":112,"loc":{"start":{"line":112,"column":30},"end":{"line":114,"column":6}},"locations":[{"start":{"line":112,"column":30},"end":{"line":114,"column":6}}]},"13":{"type":"branch","line":116,"loc":{"start":{"line":116,"column":40},"end":{"line":120,"column":6}},"locations":[{"start":{"line":116,"column":40},"end":{"line":120,"column":6}}]},"14":{"type":"branch","line":117,"loc":{"start":{"line":117,"column":110},"end":{"line":119,"column":9}},"locations":[{"start":{"line":117,"column":110},"end":{"line":119,"column":9}}]},"15":{"type":"branch","line":117,"loc":{"start":{"line":117,"column":29},"end":{"line":117,"column":110}},"locations":[{"start":{"line":117,"column":29},"end":{"line":117,"column":110}}]},"16":{"type":"branch","line":117,"loc":{"start":{"line":117,"column":70},"end":{"line":117,"column":110}},"locations":[{"start":{"line":117,"column":70},"end":{"line":117,"column":110}}]},"17":{"type":"branch","line":122,"loc":{"start":{"line":122,"column":41},"end":{"line":126,"column":6}},"locations":[{"start":{"line":122,"column":41},"end":{"line":126,"column":6}}]},"18":{"type":"branch","line":123,"loc":{"start":{"line":123,"column":30},"end":{"line":123,"column":71}},"locations":[{"start":{"line":123,"column":30},"end":{"line":123,"column":71}}]},"19":{"type":"branch","line":130,"loc":{"start":{"line":130,"column":25},"end":{"line":220,"column":6}},"locations":[{"start":{"line":130,"column":25},"end":{"line":220,"column":6}}]},"20":{"type":"branch","line":138,"loc":{"start":{"line":138,"column":20},"end":{"line":141,"column":15}},"locations":[{"start":{"line":138,"column":20},"end":{"line":141,"column":15}}]},"21":{"type":"branch","line":141,"loc":{"start":{"line":141,"column":8},"end":{"line":147,"column":9}},"locations":[{"start":{"line":141,"column":8},"end":{"line":147,"column":9}}]},"22":{"type":"branch","line":143,"loc":{"start":{"line":143,"column":29},"end":{"line":146,"column":13}},"locations":[{"start":{"line":143,"column":29},"end":{"line":146,"column":13}}]},"23":{"type":"branch","line":150,"loc":{"start":{"line":150,"column":33},"end":{"line":153,"column":15}},"locations":[{"start":{"line":150,"column":33},"end":{"line":153,"column":15}}]},"24":{"type":"branch","line":153,"loc":{"start":{"line":153,"column":8},"end":{"line":155,"column":9}},"locations":[{"start":{"line":153,"column":8},"end":{"line":155,"column":9}}]},"25":{"type":"branch","line":158,"loc":{"start":{"line":158,"column":27},"end":{"line":161,"column":15}},"locations":[{"start":{"line":158,"column":27},"end":{"line":161,"column":15}}]},"26":{"type":"branch","line":161,"loc":{"start":{"line":161,"column":8},"end":{"line":163,"column":9}},"locations":[{"start":{"line":161,"column":8},"end":{"line":163,"column":9}}]},"27":{"type":"branch","line":166,"loc":{"start":{"line":166,"column":28},"end":{"line":168,"column":9}},"locations":[{"start":{"line":166,"column":28},"end":{"line":168,"column":9}}]},"28":{"type":"branch","line":170,"loc":{"start":{"line":170,"column":22},"end":{"line":172,"column":9}},"locations":[{"start":{"line":170,"column":22},"end":{"line":172,"column":9}}]},"29":{"type":"branch","line":172,"loc":{"start":{"line":172,"column":8},"end":{"line":192,"column":18}},"locations":[{"start":{"line":172,"column":8},"end":{"line":192,"column":18}}]},"30":{"type":"branch","line":192,"loc":{"start":{"line":192,"column":18},"end":{"line":194,"column":9}},"locations":[{"start":{"line":192,"column":18},"end":{"line":194,"column":9}}]},"31":{"type":"branch","line":194,"loc":{"start":{"line":194,"column":8},"end":{"line":220,"column":6}},"locations":[{"start":{"line":194,"column":8},"end":{"line":220,"column":6}}]},"32":{"type":"branch","line":149,"loc":{"start":{"line":149,"column":52},"end":{"line":149,"column":132}},"locations":[{"start":{"line":149,"column":52},"end":{"line":149,"column":132}}]},"33":{"type":"branch","line":149,"loc":{"start":{"line":149,"column":93},"end":{"line":149,"column":132}},"locations":[{"start":{"line":149,"column":93},"end":{"line":149,"column":132}}]},"34":{"type":"branch","line":157,"loc":{"start":{"line":157,"column":47},"end":{"line":157,"column":87}},"locations":[{"start":{"line":157,"column":47},"end":{"line":157,"column":87}}]},"35":{"type":"branch","line":165,"loc":{"start":{"line":165,"column":48},"end":{"line":165,"column":71}},"locations":[{"start":{"line":165,"column":48},"end":{"line":165,"column":71}}]},"36":{"type":"branch","line":174,"loc":{"start":{"line":174,"column":55},"end":{"line":174,"column":135}},"locations":[{"start":{"line":174,"column":55},"end":{"line":174,"column":135}}]},"37":{"type":"branch","line":175,"loc":{"start":{"line":175,"column":50},"end":{"line":175,"column":90}},"locations":[{"start":{"line":175,"column":50},"end":{"line":175,"column":90}}]},"38":{"type":"branch","line":181,"loc":{"start":{"line":181,"column":36},"end":{"line":186,"column":11}},"locations":[{"start":{"line":181,"column":36},"end":{"line":186,"column":11}}]},"39":{"type":"branch","line":188,"loc":{"start":{"line":188,"column":30},"end":{"line":190,"column":11}},"locations":[{"start":{"line":188,"column":30},"end":{"line":190,"column":11}}]},"40":{"type":"branch","line":203,"loc":{"start":{"line":203,"column":18},"end":{"line":203,"column":46}},"locations":[{"start":{"line":203,"column":18},"end":{"line":203,"column":46}}]},"41":{"type":"branch","line":204,"loc":{"start":{"line":204,"column":18},"end":{"line":216,"column":14}},"locations":[{"start":{"line":204,"column":18},"end":{"line":216,"column":14}}]},"42":{"type":"branch","line":252,"loc":{"start":{"line":252,"column":42},"end":{"line":252,"column":103}},"locations":[{"start":{"line":252,"column":42},"end":{"line":252,"column":103}}]},"43":{"type":"branch","line":259,"loc":{"start":{"line":259,"column":42},"end":{"line":259,"column":105}},"locations":[{"start":{"line":259,"column":42},"end":{"line":259,"column":105}}]},"44":{"type":"branch","line":266,"loc":{"start":{"line":266,"column":42},"end":{"line":266,"column":110}},"locations":[{"start":{"line":266,"column":42},"end":{"line":266,"column":110}}]},"45":{"type":"branch","line":294,"loc":{"start":{"line":294,"column":38},"end":{"line":294,"column":85}},"locations":[{"start":{"line":294,"column":38},"end":{"line":294,"column":85}}]}},"b":{"0":[45],"1":[14],"2":[8],"3":[8],"4":[7],"5":[1],"6":[19],"7":[3],"8":[2],"9":[0],"10":[0],"11":[1],"12":[25],"13":[14],"14":[2],"15":[14],"16":[7],"17":[19],"18":[19],"19":[4],"20":[3],"21":[1],"22":[0],"23":[3],"24":[1],"25":[3],"26":[1],"27":[1],"28":[3],"29":[1],"30":[0],"31":[1],"32":[4],"33":[1],"34":[4],"35":[2],"36":[1],"37":[1],"38":[1],"39":[1],"40":[1],"41":[1],"42":[5],"43":[8],"44":[1],"45":[19]},"fnMap":{"0":{"name":"AddRecipeForm","decl":{"start":{"line":28,"column":15},"end":{"line":312,"column":1}},"loc":{"start":{"line":28,"column":15},"end":{"line":312,"column":1}},"line":28},"1":{"name":"handleFileChange","decl":{"start":{"line":41,"column":29},"end":{"line":45,"column":6}},"loc":{"start":{"line":41,"column":29},"end":{"line":45,"column":6}},"line":41},"2":{"name":"handleAddIngredient","decl":{"start":{"line":47,"column":32},"end":{"line":50,"column":6}},"loc":{"start":{"line":47,"column":32},"end":{"line":50,"column":6}},"line":47},"3":{"name":"handleIngredientChange","decl":{"start":{"line":52,"column":35},"end":{"line":61,"column":6}},"loc":{"start":{"line":52,"column":35},"end":{"line":61,"column":6}},"line":52},"4":{"name":"handleAmountChange","decl":{"start":{"line":63,"column":31},"end":{"line":71,"column":6}},"loc":{"start":{"line":63,"column":31},"end":{"line":71,"column":6}},"line":63},"5":{"name":"handleAddStep","decl":{"start":{"line":73,"column":26},"end":{"line":75,"column":6}},"loc":{"start":{"line":73,"column":26},"end":{"line":75,"column":6}},"line":73},"6":{"name":"handleStepChange","decl":{"start":{"line":77,"column":29},"end":{"line":82,"column":6}},"loc":{"start":{"line":77,"column":29},"end":{"line":82,"column":6}},"line":77},"7":{"name":"checkRecipeTitleExists","decl":{"start":{"line":84,"column":35},"end":{"line":95,"column":6}},"loc":{"start":{"line":84,"column":35},"end":{"line":95,"column":6}},"line":84},"8":{"name":"handleTitleBlur","decl":{"start":{"line":97,"column":28},"end":{"line":110,"column":6}},"loc":{"start":{"line":97,"column":28},"end":{"line":110,"column":6}},"line":97},"9":{"name":"handleTitleChange","decl":{"start":{"line":112,"column":30},"end":{"line":114,"column":6}},"loc":{"start":{"line":112,"column":30},"end":{"line":114,"column":6}},"line":112},"10":{"name":"handleIngredientFieldChange","decl":{"start":{"line":116,"column":40},"end":{"line":120,"column":6}},"loc":{"start":{"line":116,"column":40},"end":{"line":120,"column":6}},"line":116},"11":{"name":"handleInstructionFieldChange","decl":{"start":{"line":122,"column":41},"end":{"line":126,"column":6}},"loc":{"start":{"line":122,"column":41},"end":{"line":126,"column":6}},"line":122},"12":{"name":"handleCloseModal","decl":{"start":{"line":128,"column":29},"end":{"line":128,"column":55}},"loc":{"start":{"line":128,"column":29},"end":{"line":128,"column":55}},"line":128},"13":{"name":"handleSubmit","decl":{"start":{"line":130,"column":25},"end":{"line":220,"column":6}},"loc":{"start":{"line":130,"column":25},"end":{"line":220,"column":6}},"line":130},"14":{"name":"onChange","decl":{"start":{"line":252,"column":42},"end":{"line":252,"column":103}},"loc":{"start":{"line":252,"column":42},"end":{"line":252,"column":103}},"line":252},"15":{"name":"onChange","decl":{"start":{"line":259,"column":42},"end":{"line":259,"column":105}},"loc":{"start":{"line":259,"column":42},"end":{"line":259,"column":105}},"line":259},"16":{"name":"onChange","decl":{"start":{"line":266,"column":42},"end":{"line":266,"column":110}},"loc":{"start":{"line":266,"column":42},"end":{"line":266,"column":110}},"line":266},"17":{"name":"onChange","decl":{"start":{"line":294,"column":38},"end":{"line":294,"column":85}},"loc":{"start":{"line":294,"column":38},"end":{"line":294,"column":85}},"line":294}},"f":{"0":45,"1":0,"2":0,"3":14,"4":8,"5":0,"6":19,"7":3,"8":2,"9":25,"10":14,"11":19,"12":0,"13":4,"14":5,"15":8,"16":1,"17":19}}
}
